DATA:           	LANG:   	MIN_C:  	MAX_F:  	   NIST:	   BLUE:	NAME:
presemt-dev     	no-en   	       1	0.000100	  4.0936	  0.0885	centroid_presemt-dev_no-en_min_count=1_max_freq=0.000100
presemt-dev     	no-en   	       1	0.001000	  4.1841	  0.0944	centroid_presemt-dev_no-en_min_count=1_max_freq=0.001000
presemt-dev     	no-en   	       1	0.005000	  4.2281	  0.0985	centroid_presemt-dev_no-en_min_count=1_max_freq=0.005000
presemt-dev     	no-en   	       1	0.010000	  4.2225	  0.0963	centroid_presemt-dev_no-en_min_count=1_max_freq=0.010000
presemt-dev     	no-en   	       1	0.050000	  4.2439	  0.0956	centroid_presemt-dev_no-en_min_count=1_max_freq=0.050000
presemt-dev     	no-en   	       1	0.100000	  4.2685	  0.0989	centroid_presemt-dev_no-en_min_count=1_max_freq=0.100000
presemt-dev     	no-en   	       1	0.250000	  4.2314	  0.0956	centroid_presemt-dev_no-en_min_count=1_max_freq=0.250000
presemt-dev     	no-en   	       1	0.500000	  4.2374	  0.0957	centroid_presemt-dev_no-en_min_count=1_max_freq=0.500000
presemt-dev     	no-en   	       1	1.000000	  4.2374	  0.0957	centroid_presemt-dev_no-en_min_count=1_max_freq=1.000000
presemt-dev     	no-en   	       5	0.000100	  4.4383	  0.1032	centroid_presemt-dev_no-en_min_count=5_max_freq=0.000100
presemt-dev     	no-en   	       5	0.001000	  4.1984	  0.0947	centroid_presemt-dev_no-en_min_count=5_max_freq=0.001000
presemt-dev     	no-en   	       5	0.005000	  4.2311	  0.0986	centroid_presemt-dev_no-en_min_count=5_max_freq=0.005000
presemt-dev     	no-en   	       5	0.010000	  4.2164	  0.0965	centroid_presemt-dev_no-en_min_count=5_max_freq=0.010000
presemt-dev     	no-en   	       5	0.050000	  4.2418	  0.0956	centroid_presemt-dev_no-en_min_count=5_max_freq=0.050000
presemt-dev     	no-en   	       5	0.100000	  4.2709	  0.0989	centroid_presemt-dev_no-en_min_count=5_max_freq=0.100000
presemt-dev     	no-en   	       5	0.250000	  4.2340	  0.0956	centroid_presemt-dev_no-en_min_count=5_max_freq=0.250000
presemt-dev     	no-en   	       5	0.500000	  4.2400	  0.0957	centroid_presemt-dev_no-en_min_count=5_max_freq=0.500000
presemt-dev     	no-en   	       5	1.000000	  4.2400	  0.0957	centroid_presemt-dev_no-en_min_count=5_max_freq=1.000000
presemt-dev     	no-en   	      10	0.000100	  4.4619	  0.1051	centroid_presemt-dev_no-en_min_count=10_max_freq=0.000100
presemt-dev     	no-en   	      10	0.001000	  4.1744	  0.0926	centroid_presemt-dev_no-en_min_count=10_max_freq=0.001000
presemt-dev     	no-en   	      10	0.005000	  4.2297	  0.0987	centroid_presemt-dev_no-en_min_count=10_max_freq=0.005000
presemt-dev     	no-en   	      10	0.010000	  4.2052	  0.0956	centroid_presemt-dev_no-en_min_count=10_max_freq=0.010000
presemt-dev     	no-en   	      10	0.050000	  4.2537	  0.0967	centroid_presemt-dev_no-en_min_count=10_max_freq=0.050000
presemt-dev     	no-en   	      10	0.100000	  4.2701	  0.0989	centroid_presemt-dev_no-en_min_count=10_max_freq=0.100000
presemt-dev     	no-en   	      10	0.250000	  4.2335	  0.0956	centroid_presemt-dev_no-en_min_count=10_max_freq=0.250000
presemt-dev     	no-en   	      10	0.500000	  4.2395	  0.0957	centroid_presemt-dev_no-en_min_count=10_max_freq=0.500000
presemt-dev     	no-en   	      10	1.000000	  4.2395	  0.0957	centroid_presemt-dev_no-en_min_count=10_max_freq=1.000000
presemt-dev     	no-en   	      25	0.000100	  4.4619	  0.1051	centroid_presemt-dev_no-en_min_count=25_max_freq=0.000100
presemt-dev     	no-en   	      25	0.001000	  4.2841	  0.0944	centroid_presemt-dev_no-en_min_count=25_max_freq=0.001000
presemt-dev     	no-en   	      25	0.005000	  4.2088	  0.0948	centroid_presemt-dev_no-en_min_count=25_max_freq=0.005000
presemt-dev     	no-en   	      25	0.010000	  4.1929	  0.0939	centroid_presemt-dev_no-en_min_count=25_max_freq=0.010000
presemt-dev     	no-en   	      25	0.050000	  4.2416	  0.0964	centroid_presemt-dev_no-en_min_count=25_max_freq=0.050000
presemt-dev     	no-en   	      25	0.100000	  4.2644	  0.0988	centroid_presemt-dev_no-en_min_count=25_max_freq=0.100000
presemt-dev     	no-en   	      25	0.250000	  4.2386	  0.0956	centroid_presemt-dev_no-en_min_count=25_max_freq=0.250000
presemt-dev     	no-en   	      25	0.500000	  4.2446	  0.0957	centroid_presemt-dev_no-en_min_count=25_max_freq=0.500000
presemt-dev     	no-en   	      25	1.000000	  4.2446	  0.0957	centroid_presemt-dev_no-en_min_count=25_max_freq=1.000000
presemt-dev     	no-en   	      50	0.000100	  4.4619	  0.1051	centroid_presemt-dev_no-en_min_count=50_max_freq=0.000100
presemt-dev     	no-en   	      50	0.001000	  4.4388	  0.1033	centroid_presemt-dev_no-en_min_count=50_max_freq=0.001000
presemt-dev     	no-en   	      50	0.005000	  4.1751	  0.0921	centroid_presemt-dev_no-en_min_count=50_max_freq=0.005000
presemt-dev     	no-en   	      50	0.010000	  4.1905	  0.0923	centroid_presemt-dev_no-en_min_count=50_max_freq=0.010000
presemt-dev     	no-en   	      50	0.050000	  4.2393	  0.0959	centroid_presemt-dev_no-en_min_count=50_max_freq=0.050000
presemt-dev     	no-en   	      50	0.100000	  4.2688	  0.0989	centroid_presemt-dev_no-en_min_count=50_max_freq=0.100000
presemt-dev     	no-en   	      50	0.250000	  4.2363	  0.0958	centroid_presemt-dev_no-en_min_count=50_max_freq=0.250000
presemt-dev     	no-en   	      50	0.500000	  4.2423	  0.0959	centroid_presemt-dev_no-en_min_count=50_max_freq=0.500000
presemt-dev     	no-en   	      50	1.000000	  4.2423	  0.0959	centroid_presemt-dev_no-en_min_count=50_max_freq=1.000000
presemt-dev     	no-en   	     100	0.000100	  4.4619	  0.1051	centroid_presemt-dev_no-en_min_count=100_max_freq=0.000100
presemt-dev     	no-en   	     100	0.001000	  4.4647	  0.1051	centroid_presemt-dev_no-en_min_count=100_max_freq=0.001000
presemt-dev     	no-en   	     100	0.005000	  4.3196	  0.0967	centroid_presemt-dev_no-en_min_count=100_max_freq=0.005000
presemt-dev     	no-en   	     100	0.010000	  4.1836	  0.0911	centroid_presemt-dev_no-en_min_count=100_max_freq=0.010000
presemt-dev     	no-en   	     100	0.050000	  4.2433	  0.0939	centroid_presemt-dev_no-en_min_count=100_max_freq=0.050000
presemt-dev     	no-en   	     100	0.100000	  4.2683	  0.0965	centroid_presemt-dev_no-en_min_count=100_max_freq=0.100000
presemt-dev     	no-en   	     100	0.250000	  4.2267	  0.0957	centroid_presemt-dev_no-en_min_count=100_max_freq=0.250000
presemt-dev     	no-en   	     100	0.500000	  4.2327	  0.0958	centroid_presemt-dev_no-en_min_count=100_max_freq=0.500000
presemt-dev     	no-en   	     100	1.000000	  4.2327	  0.0958	centroid_presemt-dev_no-en_min_count=100_max_freq=1.000000
presemt-dev     	no-en   	     250	0.000100	  4.4619	  0.1051	centroid_presemt-dev_no-en_min_count=250_max_freq=0.000100
presemt-dev     	no-en   	     250	0.001000	  4.4619	  0.1051	centroid_presemt-dev_no-en_min_count=250_max_freq=0.001000
presemt-dev     	no-en   	     250	0.005000	  4.4484	  0.1049	centroid_presemt-dev_no-en_min_count=250_max_freq=0.005000
presemt-dev     	no-en   	     250	0.010000	  4.3223	  0.0991	centroid_presemt-dev_no-en_min_count=250_max_freq=0.010000
presemt-dev     	no-en   	     250	0.050000	  4.2135	  0.0930	centroid_presemt-dev_no-en_min_count=250_max_freq=0.050000
presemt-dev     	no-en   	     250	0.100000	  4.2359	  0.0964	centroid_presemt-dev_no-en_min_count=250_max_freq=0.100000
presemt-dev     	no-en   	     250	0.250000	  4.2044	  0.0946	centroid_presemt-dev_no-en_min_count=250_max_freq=0.250000
presemt-dev     	no-en   	     250	0.500000	  4.2103	  0.0947	centroid_presemt-dev_no-en_min_count=250_max_freq=0.500000
presemt-dev     	no-en   	     250	1.000000	  4.2103	  0.0947	centroid_presemt-dev_no-en_min_count=250_max_freq=1.000000
presemt-dev     	no-en   	    1000	0.000100	  4.4619	  0.1051	centroid_presemt-dev_no-en_min_count=1000_max_freq=0.000100
presemt-dev     	no-en   	    1000	0.001000	  4.4619	  0.1051	centroid_presemt-dev_no-en_min_count=1000_max_freq=0.001000
presemt-dev     	no-en   	    1000	0.005000	  4.4619	  0.1051	centroid_presemt-dev_no-en_min_count=1000_max_freq=0.005000
presemt-dev     	no-en   	    1000	0.010000	  4.4619	  0.1051	centroid_presemt-dev_no-en_min_count=1000_max_freq=0.010000
presemt-dev     	no-en   	    1000	0.050000	  4.2773	  0.0934	centroid_presemt-dev_no-en_min_count=1000_max_freq=0.050000
presemt-dev     	no-en   	    1000	0.100000	  4.1561	  0.0913	centroid_presemt-dev_no-en_min_count=1000_max_freq=0.100000
presemt-dev     	no-en   	    1000	0.250000	  4.1907	  0.0923	centroid_presemt-dev_no-en_min_count=1000_max_freq=0.250000
presemt-dev     	no-en   	    1000	0.500000	  4.1967	  0.0924	centroid_presemt-dev_no-en_min_count=1000_max_freq=0.500000
presemt-dev     	no-en   	    1000	1.000000	  4.1967	  0.0924	centroid_presemt-dev_no-en_min_count=1000_max_freq=1.000000
presemt-dev     	no-en   	    2500	0.000100	  4.4619	  0.1051	centroid_presemt-dev_no-en_min_count=2500_max_freq=0.000100
presemt-dev     	no-en   	    2500	0.001000	  4.4619	  0.1051	centroid_presemt-dev_no-en_min_count=2500_max_freq=0.001000
presemt-dev     	no-en   	    2500	0.005000	  4.4619	  0.1051	centroid_presemt-dev_no-en_min_count=2500_max_freq=0.005000
presemt-dev     	no-en   	    2500	0.010000	  4.4619	  0.1051	centroid_presemt-dev_no-en_min_count=2500_max_freq=0.010000
presemt-dev     	no-en   	    2500	0.050000	  4.4439	  0.1037	centroid_presemt-dev_no-en_min_count=2500_max_freq=0.050000
presemt-dev     	no-en   	    2500	0.100000	  4.2504	  0.0921	centroid_presemt-dev_no-en_min_count=2500_max_freq=0.100000
presemt-dev     	no-en   	    2500	0.250000	  4.1695	  0.0891	centroid_presemt-dev_no-en_min_count=2500_max_freq=0.250000
presemt-dev     	no-en   	    2500	0.500000	  4.1636	  0.0890	centroid_presemt-dev_no-en_min_count=2500_max_freq=0.500000
presemt-dev     	no-en   	    2500	1.000000	  4.1636	  0.0890	centroid_presemt-dev_no-en_min_count=2500_max_freq=1.000000
presemt-dev     	no-en   	    5000	0.000100	  4.4619	  0.1051	centroid_presemt-dev_no-en_min_count=5000_max_freq=0.000100
presemt-dev     	no-en   	    5000	0.001000	  4.4619	  0.1051	centroid_presemt-dev_no-en_min_count=5000_max_freq=0.001000
presemt-dev     	no-en   	    5000	0.005000	  4.4619	  0.1051	centroid_presemt-dev_no-en_min_count=5000_max_freq=0.005000
presemt-dev     	no-en   	    5000	0.010000	  4.4619	  0.1051	centroid_presemt-dev_no-en_min_count=5000_max_freq=0.010000
presemt-dev     	no-en   	    5000	0.050000	  4.4619	  0.1051	centroid_presemt-dev_no-en_min_count=5000_max_freq=0.050000
presemt-dev     	no-en   	    5000	0.100000	  4.4399	  0.1040	centroid_presemt-dev_no-en_min_count=5000_max_freq=0.100000
presemt-dev     	no-en   	    5000	0.250000	  4.3956	  0.1001	centroid_presemt-dev_no-en_min_count=5000_max_freq=0.250000
presemt-dev     	no-en   	    5000	0.500000	  4.3956	  0.1001	centroid_presemt-dev_no-en_min_count=5000_max_freq=0.500000
presemt-dev     	no-en   	    5000	1.000000	  4.3956	  0.1001	centroid_presemt-dev_no-en_min_count=5000_max_freq=1.000000
presemt-dev     	no-de   	       1	0.000100	  4.2478	  0.0836	centroid_presemt-dev_no-de_min_count=1_max_freq=0.000100
presemt-dev     	no-de   	       1	0.001000	  4.3678	  0.0880	centroid_presemt-dev_no-de_min_count=1_max_freq=0.001000
presemt-dev     	no-de   	       1	0.005000	  4.4115	  0.0873	centroid_presemt-dev_no-de_min_count=1_max_freq=0.005000
presemt-dev     	no-de   	       1	0.010000	  4.4533	  0.0911	centroid_presemt-dev_no-de_min_count=1_max_freq=0.010000
presemt-dev     	no-de   	       1	0.050000	  4.3656	  0.0824	centroid_presemt-dev_no-de_min_count=1_max_freq=0.050000
presemt-dev     	no-de   	       1	0.100000	  4.4166	  0.0880	centroid_presemt-dev_no-de_min_count=1_max_freq=0.100000
presemt-dev     	no-de   	       1	0.250000	  4.4006	  0.0860	centroid_presemt-dev_no-de_min_count=1_max_freq=0.250000
presemt-dev     	no-de   	       1	0.500000	  4.4036	  0.0861	centroid_presemt-dev_no-de_min_count=1_max_freq=0.500000
presemt-dev     	no-de   	       1	1.000000	  4.4036	  0.0861	centroid_presemt-dev_no-de_min_count=1_max_freq=1.000000
presemt-dev     	no-de   	       5	0.000100	  4.5701	  0.0928	centroid_presemt-dev_no-de_min_count=5_max_freq=0.000100
presemt-dev     	no-de   	       5	0.001000	  4.4032	  0.0880	centroid_presemt-dev_no-de_min_count=5_max_freq=0.001000
presemt-dev     	no-de   	       5	0.005000	  4.4234	  0.0877	centroid_presemt-dev_no-de_min_count=5_max_freq=0.005000
presemt-dev     	no-de   	       5	0.010000	  4.4552	  0.0910	centroid_presemt-dev_no-de_min_count=5_max_freq=0.010000
presemt-dev     	no-de   	       5	0.050000	  4.3622	  0.0824	centroid_presemt-dev_no-de_min_count=5_max_freq=0.050000
presemt-dev     	no-de   	       5	0.100000	  4.4118	  0.0878	centroid_presemt-dev_no-de_min_count=5_max_freq=0.100000
presemt-dev     	no-de   	       5	0.250000	  4.3977	  0.0860	centroid_presemt-dev_no-de_min_count=5_max_freq=0.250000
presemt-dev     	no-de   	       5	0.500000	  4.4006	  0.0860	centroid_presemt-dev_no-de_min_count=5_max_freq=0.500000
presemt-dev     	no-de   	       5	1.000000	  4.4006	  0.0860	centroid_presemt-dev_no-de_min_count=5_max_freq=1.000000
presemt-dev     	no-de   	      10	0.000100	  4.5670	  0.0927	centroid_presemt-dev_no-de_min_count=10_max_freq=0.000100
presemt-dev     	no-de   	      10	0.001000	  4.3693	  0.0863	centroid_presemt-dev_no-de_min_count=10_max_freq=0.001000
presemt-dev     	no-de   	      10	0.005000	  4.4052	  0.0869	centroid_presemt-dev_no-de_min_count=10_max_freq=0.005000
presemt-dev     	no-de   	      10	0.010000	  4.4486	  0.0908	centroid_presemt-dev_no-de_min_count=10_max_freq=0.010000
presemt-dev     	no-de   	      10	0.050000	  4.3641	  0.0836	centroid_presemt-dev_no-de_min_count=10_max_freq=0.050000
presemt-dev     	no-de   	      10	0.100000	  4.4118	  0.0878	centroid_presemt-dev_no-de_min_count=10_max_freq=0.100000
presemt-dev     	no-de   	      10	0.250000	  4.4036	  0.0861	centroid_presemt-dev_no-de_min_count=10_max_freq=0.250000
presemt-dev     	no-de   	      10	0.500000	  4.4066	  0.0861	centroid_presemt-dev_no-de_min_count=10_max_freq=0.500000
presemt-dev     	no-de   	      10	1.000000	  4.4066	  0.0861	centroid_presemt-dev_no-de_min_count=10_max_freq=1.000000
presemt-dev     	no-de   	      25	0.000100	  4.5700	  0.0938	centroid_presemt-dev_no-de_min_count=25_max_freq=0.000100
presemt-dev     	no-de   	      25	0.001000	  4.4144	  0.0904	centroid_presemt-dev_no-de_min_count=25_max_freq=0.001000
presemt-dev     	no-de   	      25	0.005000	  4.3871	  0.0869	centroid_presemt-dev_no-de_min_count=25_max_freq=0.005000
presemt-dev     	no-de   	      25	0.010000	  4.4388	  0.0908	centroid_presemt-dev_no-de_min_count=25_max_freq=0.010000
presemt-dev     	no-de   	      25	0.050000	  4.3574	  0.0835	centroid_presemt-dev_no-de_min_count=25_max_freq=0.050000
presemt-dev     	no-de   	      25	0.100000	  4.4149	  0.0879	centroid_presemt-dev_no-de_min_count=25_max_freq=0.100000
presemt-dev     	no-de   	      25	0.250000	  4.4006	  0.0860	centroid_presemt-dev_no-de_min_count=25_max_freq=0.250000
presemt-dev     	no-de   	      25	0.500000	  4.4036	  0.0861	centroid_presemt-dev_no-de_min_count=25_max_freq=0.500000
presemt-dev     	no-de   	      25	1.000000	  4.4036	  0.0861	centroid_presemt-dev_no-de_min_count=25_max_freq=1.000000
presemt-dev     	no-de   	      50	0.000100	  4.5700	  0.0938	centroid_presemt-dev_no-de_min_count=50_max_freq=0.000100
presemt-dev     	no-de   	      50	0.001000	  4.5758	  0.0923	centroid_presemt-dev_no-de_min_count=50_max_freq=0.001000
presemt-dev     	no-de   	      50	0.005000	  4.3689	  0.0875	centroid_presemt-dev_no-de_min_count=50_max_freq=0.005000
presemt-dev     	no-de   	      50	0.010000	  4.4239	  0.0899	centroid_presemt-dev_no-de_min_count=50_max_freq=0.010000
presemt-dev     	no-de   	      50	0.050000	  4.3612	  0.0840	centroid_presemt-dev_no-de_min_count=50_max_freq=0.050000
presemt-dev     	no-de   	      50	0.100000	  4.4001	  0.0860	centroid_presemt-dev_no-de_min_count=50_max_freq=0.100000
presemt-dev     	no-de   	      50	0.250000	  4.3887	  0.0852	centroid_presemt-dev_no-de_min_count=50_max_freq=0.250000
presemt-dev     	no-de   	      50	0.500000	  4.3946	  0.0852	centroid_presemt-dev_no-de_min_count=50_max_freq=0.500000
presemt-dev     	no-de   	      50	1.000000	  4.3946	  0.0852	centroid_presemt-dev_no-de_min_count=50_max_freq=1.000000
presemt-dev     	no-de   	     100	0.000100	  4.5700	  0.0938	centroid_presemt-dev_no-de_min_count=100_max_freq=0.000100
presemt-dev     	no-de   	     100	0.001000	  4.5670	  0.0927	centroid_presemt-dev_no-de_min_count=100_max_freq=0.001000
presemt-dev     	no-de   	     100	0.005000	  4.4341	  0.0902	centroid_presemt-dev_no-de_min_count=100_max_freq=0.005000
presemt-dev     	no-de   	     100	0.010000	  4.3504	  0.0837	centroid_presemt-dev_no-de_min_count=100_max_freq=0.010000
presemt-dev     	no-de   	     100	0.050000	  4.3566	  0.0845	centroid_presemt-dev_no-de_min_count=100_max_freq=0.050000
presemt-dev     	no-de   	     100	0.100000	  4.3921	  0.0858	centroid_presemt-dev_no-de_min_count=100_max_freq=0.100000
presemt-dev     	no-de   	     100	0.250000	  4.3978	  0.0843	centroid_presemt-dev_no-de_min_count=100_max_freq=0.250000
presemt-dev     	no-de   	     100	0.500000	  4.4007	  0.0843	centroid_presemt-dev_no-de_min_count=100_max_freq=0.500000
presemt-dev     	no-de   	     100	1.000000	  4.4007	  0.0843	centroid_presemt-dev_no-de_min_count=100_max_freq=1.000000
presemt-dev     	no-de   	     250	0.000100	  4.5700	  0.0938	centroid_presemt-dev_no-de_min_count=250_max_freq=0.000100
presemt-dev     	no-de   	     250	0.001000	  4.5700	  0.0938	centroid_presemt-dev_no-de_min_count=250_max_freq=0.001000
presemt-dev     	no-de   	     250	0.005000	  4.5736	  0.0928	centroid_presemt-dev_no-de_min_count=250_max_freq=0.005000
presemt-dev     	no-de   	     250	0.010000	  4.3757	  0.0882	centroid_presemt-dev_no-de_min_count=250_max_freq=0.010000
presemt-dev     	no-de   	     250	0.050000	  4.3219	  0.0835	centroid_presemt-dev_no-de_min_count=250_max_freq=0.050000
presemt-dev     	no-de   	     250	0.100000	  4.3225	  0.0837	centroid_presemt-dev_no-de_min_count=250_max_freq=0.100000
presemt-dev     	no-de   	     250	0.250000	  4.3243	  0.0825	centroid_presemt-dev_no-de_min_count=250_max_freq=0.250000
presemt-dev     	no-de   	     250	0.500000	  4.3273	  0.0825	centroid_presemt-dev_no-de_min_count=250_max_freq=0.500000
presemt-dev     	no-de   	     250	1.000000	  4.3273	  0.0825	centroid_presemt-dev_no-de_min_count=250_max_freq=1.000000
presemt-dev     	no-de   	    1000	0.000100	  4.5700	  0.0938	centroid_presemt-dev_no-de_min_count=1000_max_freq=0.000100
presemt-dev     	no-de   	    1000	0.001000	  4.5700	  0.0938	centroid_presemt-dev_no-de_min_count=1000_max_freq=0.001000
presemt-dev     	no-de   	    1000	0.005000	  4.5700	  0.0938	centroid_presemt-dev_no-de_min_count=1000_max_freq=0.005000
presemt-dev     	no-de   	    1000	0.010000	  4.5670	  0.0927	centroid_presemt-dev_no-de_min_count=1000_max_freq=0.010000
presemt-dev     	no-de   	    1000	0.050000	  4.3751	  0.0879	centroid_presemt-dev_no-de_min_count=1000_max_freq=0.050000
presemt-dev     	no-de   	    1000	0.100000	  4.3145	  0.0882	centroid_presemt-dev_no-de_min_count=1000_max_freq=0.100000
presemt-dev     	no-de   	    1000	0.250000	  4.3184	  0.0863	centroid_presemt-dev_no-de_min_count=1000_max_freq=0.250000
presemt-dev     	no-de   	    1000	0.500000	  4.3243	  0.0864	centroid_presemt-dev_no-de_min_count=1000_max_freq=0.500000
presemt-dev     	no-de   	    1000	1.000000	  4.3243	  0.0864	centroid_presemt-dev_no-de_min_count=1000_max_freq=1.000000
presemt-dev     	no-de   	    2500	0.000100	  4.5700	  0.0938	centroid_presemt-dev_no-de_min_count=2500_max_freq=0.000100
presemt-dev     	no-de   	    2500	0.001000	  4.5700	  0.0938	centroid_presemt-dev_no-de_min_count=2500_max_freq=0.001000
presemt-dev     	no-de   	    2500	0.005000	  4.5700	  0.0938	centroid_presemt-dev_no-de_min_count=2500_max_freq=0.005000
presemt-dev     	no-de   	    2500	0.010000	  4.5700	  0.0938	centroid_presemt-dev_no-de_min_count=2500_max_freq=0.010000
presemt-dev     	no-de   	    2500	0.050000	  4.5647	  0.0922	centroid_presemt-dev_no-de_min_count=2500_max_freq=0.050000
presemt-dev     	no-de   	    2500	0.100000	  4.4631	  0.0888	centroid_presemt-dev_no-de_min_count=2500_max_freq=0.100000
presemt-dev     	no-de   	    2500	0.250000	  4.4253	  0.0887	centroid_presemt-dev_no-de_min_count=2500_max_freq=0.250000
presemt-dev     	no-de   	    2500	0.500000	  4.4253	  0.0887	centroid_presemt-dev_no-de_min_count=2500_max_freq=0.500000
presemt-dev     	no-de   	    2500	1.000000	  4.4253	  0.0887	centroid_presemt-dev_no-de_min_count=2500_max_freq=1.000000
presemt-dev     	no-de   	    5000	0.000100	  4.5700	  0.0938	centroid_presemt-dev_no-de_min_count=5000_max_freq=0.000100
presemt-dev     	no-de   	    5000	0.001000	  4.5700	  0.0938	centroid_presemt-dev_no-de_min_count=5000_max_freq=0.001000
presemt-dev     	no-de   	    5000	0.005000	  4.5700	  0.0938	centroid_presemt-dev_no-de_min_count=5000_max_freq=0.005000
presemt-dev     	no-de   	    5000	0.010000	  4.5700	  0.0938	centroid_presemt-dev_no-de_min_count=5000_max_freq=0.010000
presemt-dev     	no-de   	    5000	0.050000	  4.5700	  0.0938	centroid_presemt-dev_no-de_min_count=5000_max_freq=0.050000
presemt-dev     	no-de   	    5000	0.100000	  4.5677	  0.0923	centroid_presemt-dev_no-de_min_count=5000_max_freq=0.100000
presemt-dev     	no-de   	    5000	0.250000	  4.5394	  0.0919	centroid_presemt-dev_no-de_min_count=5000_max_freq=0.250000
presemt-dev     	no-de   	    5000	0.500000	  4.5394	  0.0919	centroid_presemt-dev_no-de_min_count=5000_max_freq=0.500000
presemt-dev     	no-de   	    5000	1.000000	  4.5394	  0.0919	centroid_presemt-dev_no-de_min_count=5000_max_freq=1.000000
